<?xml version="1.0" encoding="UTF-8"?>
<beans xmlns="http://www.springframework.org/schema/beans"
        xmlns:xsi="http://www.w3.org/2001/XMLSchema-instance" 
        xmlns:context="http://www.springframework.org/schema/context"
        xmlns:jaxws="http://cxf.apache.org/jaxws"
        xsi:schemaLocation="
        http://www.springframework.org/schema/context/spring-context.xsd 
        http://www.springframework.org/schema/beans http://www.springframework.org/schema/beans/spring-beans.xsd
        http://cxf.apache.org/jaxws http://cxf.apache.org/schemas/jaxws.xsd">

        <import resource="classpath:META-INF/cxf/cxf.xml" />

       <context:component-scan base-package="com.youssef.cxf.cxftest4"/>
       

      <bean id="defaultOrdersEnpoint" class="com.youssef.cxf.cxftest4.orders.DefaultOrdersEndpoint"/>

	<jaxws:server id="testOrdersServer"
		address="http://localhost:9000/cxftest4/services/Orders" serviceBean="#defaultOrdersEnpoint"
		serviceClass="com.youssef.service.orders.Orders">
		<jaxws:inInterceptors>
			<ref bean="loggingInInterceptor" />
		</jaxws:inInterceptors>
		<jaxws:outInterceptors>
			<ref bean="loggingOutInterceptor" />
		</jaxws:outInterceptors>
	</jaxws:server>
       
       

      
      <bean id="loggingInInterceptor" class="org.apache.cxf.interceptor.LoggingInInterceptor"/>
      <bean id="loggingOutInterceptor" class="org.apache.cxf.interceptor.LoggingOutInterceptor"/>


	<jaxws:client id="testOrdersClient"
		address="http://localhost:9000/cxftest4/services/Orders" serviceClass="com.youssef.service.orders.Orders">
		<jaxws:inInterceptors>
			<ref bean="loggingInInterceptor" />
		</jaxws:inInterceptors>
		<jaxws:outInterceptors>
			<ref bean="loggingOutInterceptor" />
		</jaxws:outInterceptors>
	</jaxws:client>
	
</beans>
